Mon Mar 28 13:36:28 BST 2016 : Apache Derby Network Server - 10.11.1.2 - (1629631) started and ready to accept connections on port 1527
----------------------------------------------------------------
Mon Mar 28 13:39:32 BST 2016:
Booting Derby version The Apache Software Foundation - Apache Derby - 10.11.1.2 - (1629631): instance a816c00e-0153-bd39-b305-0000413f7848 
on database directory E:\Dropbox\-=Project Suli=-\Birkbeck\3_2_3_Enterprise\Assignment\flight_booking3\src\main\resources\flight_booking3-test with class loader sun.misc.Launcher$AppClassLoader@1d44bcfa 
Loaded from file:/C:/Program%20Files/Java/jdk1.8.0_72/db/lib/derby.jar
java.vendor=Oracle Corporation
java.runtime.version=1.8.0_72-b15
user.dir=c:\Program Files\Java\jdk1.8.0_72\db
os.name=Windows 10
os.arch=amd64
os.version=10.0
derby.system.home=E:\Dropbox\-=Project Suli=-\Birkbeck\3_2_3_Enterprise\Assignment\flight_booking3\src\main\resources
Database Class Loader started - derby.database.classpath=''
----------------------------------------------------------------
Mon Mar 28 13:52:42 BST 2016:
Shutting down instance a816c00e-0153-bd39-b305-0000413f7848 on database directory E:\Dropbox\-=Project Suli=-\Birkbeck\3_2_3_Enterprise\Assignment\flight_booking3\src\main\resources\flight_booking3-test with class loader sun.misc.Launcher$AppClassLoader@1d44bcfa 
Mon Mar 28 13:52:42 BST 2016 Thread[DRDAConnThread_4,5,main] (DATABASE = flight_booking3-test), (DRDAID = {3}), Database 'flight_booking3-test' shutdown.
----------------------------------------------------------------
Mon Mar 28 13:52:42 BST 2016:
Booting Derby version The Apache Software Foundation - Apache Derby - 10.11.1.2 - (1629631): instance 22b5c04b-0153-bd39-b305-0000413f7848 
on database directory E:\Dropbox\-=Project Suli=-\Birkbeck\3_2_3_Enterprise\Assignment\flight_booking3\src\main\resources\flight_booking3-test with class loader sun.misc.Launcher$AppClassLoader@1d44bcfa 
Loaded from file:/C:/Program%20Files/Java/jdk1.8.0_72/db/lib/derby.jar
java.vendor=Oracle Corporation
java.runtime.version=1.8.0_72-b15
user.dir=c:\Program Files\Java\jdk1.8.0_72\db
os.name=Windows 10
os.arch=amd64
os.version=10.0
derby.system.home=E:\Dropbox\-=Project Suli=-\Birkbeck\3_2_3_Enterprise\Assignment\flight_booking3\src\main\resources
Database Class Loader started - derby.database.classpath=''
----------------------------------------------------------------
Mon Mar 28 13:52:42 BST 2016:
Shutting down instance 22b5c04b-0153-bd39-b305-0000413f7848 on database directory E:\Dropbox\-=Project Suli=-\Birkbeck\3_2_3_Enterprise\Assignment\flight_booking3\src\main\resources\flight_booking3-test with class loader sun.misc.Launcher$AppClassLoader@1d44bcfa 
Mon Mar 28 13:52:42 BST 2016 Thread[DRDAConnThread_5,5,main] (DATABASE = flight_booking3-test), (DRDAID = {5}), Database 'flight_booking3-test' shutdown.
----------------------------------------------------------------
Mon Mar 28 13:53:02 BST 2016:
Booting Derby version The Apache Software Foundation - Apache Derby - 10.11.1.2 - (1629631): instance fb160050-0153-bd39-b305-0000413f7848 
on database directory E:\Dropbox\-=Project Suli=-\Birkbeck\3_2_3_Enterprise\Assignment\flight_booking3\src\main\resources\flight_booking3-test with class loader sun.misc.Launcher$AppClassLoader@1d44bcfa 
Loaded from file:/C:/Program%20Files/Java/jdk1.8.0_72/db/lib/derby.jar
java.vendor=Oracle Corporation
java.runtime.version=1.8.0_72-b15
user.dir=c:\Program Files\Java\jdk1.8.0_72\db
os.name=Windows 10
os.arch=amd64
os.version=10.0
derby.system.home=E:\Dropbox\-=Project Suli=-\Birkbeck\3_2_3_Enterprise\Assignment\flight_booking3\src\main\resources
Database Class Loader started - derby.database.classpath=''
----------------------------------------------------------------
Mon Mar 28 13:53:03 BST 2016:
Shutting down instance fb160050-0153-bd39-b305-0000413f7848 on database directory E:\Dropbox\-=Project Suli=-\Birkbeck\3_2_3_Enterprise\Assignment\flight_booking3\src\main\resources\flight_booking3-test with class loader sun.misc.Launcher$AppClassLoader@1d44bcfa 
Mon Mar 28 13:53:03 BST 2016 Thread[DRDAConnThread_3,5,main] (DATABASE = flight_booking3-test), (DRDAID = {7}), Database 'flight_booking3-test' shutdown.
----------------------------------------------------------------
Mon Mar 28 13:53:03 BST 2016:
Booting Derby version The Apache Software Foundation - Apache Derby - 10.11.1.2 - (1629631): instance 437c8055-0153-bd39-b305-0000413f7848 
on database directory E:\Dropbox\-=Project Suli=-\Birkbeck\3_2_3_Enterprise\Assignment\flight_booking3\src\main\resources\flight_booking3-test with class loader sun.misc.Launcher$AppClassLoader@1d44bcfa 
Loaded from file:/C:/Program%20Files/Java/jdk1.8.0_72/db/lib/derby.jar
java.vendor=Oracle Corporation
java.runtime.version=1.8.0_72-b15
user.dir=c:\Program Files\Java\jdk1.8.0_72\db
os.name=Windows 10
os.arch=amd64
os.version=10.0
derby.system.home=E:\Dropbox\-=Project Suli=-\Birkbeck\3_2_3_Enterprise\Assignment\flight_booking3\src\main\resources
Database Class Loader started - derby.database.classpath=''
----------------------------------------------------------------
Mon Mar 28 13:53:03 BST 2016:
Shutting down instance 437c8055-0153-bd39-b305-0000413f7848 on database directory E:\Dropbox\-=Project Suli=-\Birkbeck\3_2_3_Enterprise\Assignment\flight_booking3\src\main\resources\flight_booking3-test with class loader sun.misc.Launcher$AppClassLoader@1d44bcfa 
Mon Mar 28 13:53:03 BST 2016 Thread[DRDAConnThread_6,5,main] (DATABASE = flight_booking3-test), (DRDAID = {9}), Database 'flight_booking3-test' shutdown.
----------------------------------------------------------------
Mon Mar 28 13:53:12 BST 2016:
Booting Derby version The Apache Software Foundation - Apache Derby - 10.11.1.2 - (1629631): instance cbe9405a-0153-bd39-b305-0000413f7848 
on database directory E:\Dropbox\-=Project Suli=-\Birkbeck\3_2_3_Enterprise\Assignment\flight_booking3\src\main\resources\flight_booking3-test with class loader sun.misc.Launcher$AppClassLoader@1d44bcfa 
Loaded from file:/C:/Program%20Files/Java/jdk1.8.0_72/db/lib/derby.jar
java.vendor=Oracle Corporation
java.runtime.version=1.8.0_72-b15
user.dir=c:\Program Files\Java\jdk1.8.0_72\db
os.name=Windows 10
os.arch=amd64
os.version=10.0
derby.system.home=E:\Dropbox\-=Project Suli=-\Birkbeck\3_2_3_Enterprise\Assignment\flight_booking3\src\main\resources
Database Class Loader started - derby.database.classpath=''
----------------------------------------------------------------
Mon Mar 28 13:53:13 BST 2016:
Shutting down instance cbe9405a-0153-bd39-b305-0000413f7848 on database directory E:\Dropbox\-=Project Suli=-\Birkbeck\3_2_3_Enterprise\Assignment\flight_booking3\src\main\resources\flight_booking3-test with class loader sun.misc.Launcher$AppClassLoader@1d44bcfa 
Mon Mar 28 13:53:13 BST 2016 Thread[DRDAConnThread_5,5,main] (DATABASE = flight_booking3-test), (DRDAID = {11}), Database 'flight_booking3-test' shutdown.
----------------------------------------------------------------
Mon Mar 28 13:53:13 BST 2016:
Booting Derby version The Apache Software Foundation - Apache Derby - 10.11.1.2 - (1629631): instance 645c405f-0153-bd39-b305-0000413f7848 
on database directory E:\Dropbox\-=Project Suli=-\Birkbeck\3_2_3_Enterprise\Assignment\flight_booking3\src\main\resources\flight_booking3-test with class loader sun.misc.Launcher$AppClassLoader@1d44bcfa 
Loaded from file:/C:/Program%20Files/Java/jdk1.8.0_72/db/lib/derby.jar
java.vendor=Oracle Corporation
java.runtime.version=1.8.0_72-b15
user.dir=c:\Program Files\Java\jdk1.8.0_72\db
os.name=Windows 10
os.arch=amd64
os.version=10.0
derby.system.home=E:\Dropbox\-=Project Suli=-\Birkbeck\3_2_3_Enterprise\Assignment\flight_booking3\src\main\resources
Database Class Loader started - derby.database.classpath=''
----------------------------------------------------------------
Mon Mar 28 13:53:13 BST 2016:
Shutting down instance 645c405f-0153-bd39-b305-0000413f7848 on database directory E:\Dropbox\-=Project Suli=-\Birkbeck\3_2_3_Enterprise\Assignment\flight_booking3\src\main\resources\flight_booking3-test with class loader sun.misc.Launcher$AppClassLoader@1d44bcfa 
Mon Mar 28 13:53:13 BST 2016 Thread[DRDAConnThread_7,5,main] (DATABASE = flight_booking3-test), (DRDAID = {13}), Database 'flight_booking3-test' shutdown.
----------------------------------------------------------------
Mon Mar 28 14:00:10 BST 2016:
Booting Derby version The Apache Software Foundation - Apache Derby - 10.11.1.2 - (1629631): instance dcd58064-0153-bd39-b305-0000413f7848 
on database directory E:\Dropbox\-=Project Suli=-\Birkbeck\3_2_3_Enterprise\Assignment\flight_booking3\src\main\resources\flight_booking3-test with class loader sun.misc.Launcher$AppClassLoader@1d44bcfa 
Loaded from file:/C:/Program%20Files/Java/jdk1.8.0_72/db/lib/derby.jar
java.vendor=Oracle Corporation
java.runtime.version=1.8.0_72-b15
user.dir=c:\Program Files\Java\jdk1.8.0_72\db
os.name=Windows 10
os.arch=amd64
os.version=10.0
derby.system.home=E:\Dropbox\-=Project Suli=-\Birkbeck\3_2_3_Enterprise\Assignment\flight_booking3\src\main\resources
Database Class Loader started - derby.database.classpath=''
----------------------------------------------------------------
Mon Mar 28 14:00:10 BST 2016:
Shutting down instance dcd58064-0153-bd39-b305-0000413f7848 on database directory E:\Dropbox\-=Project Suli=-\Birkbeck\3_2_3_Enterprise\Assignment\flight_booking3\src\main\resources\flight_booking3-test with class loader sun.misc.Launcher$AppClassLoader@1d44bcfa 
Mon Mar 28 14:00:10 BST 2016 Thread[DRDAConnThread_6,5,main] (DATABASE = flight_booking3-test), (DRDAID = {15}), Database 'flight_booking3-test' shutdown.
----------------------------------------------------------------
Mon Mar 28 14:00:10 BST 2016:
Booting Derby version The Apache Software Foundation - Apache Derby - 10.11.1.2 - (1629631): instance 05550069-0153-bd39-b305-0000413f7848 
on database directory E:\Dropbox\-=Project Suli=-\Birkbeck\3_2_3_Enterprise\Assignment\flight_booking3\src\main\resources\flight_booking3-test with class loader sun.misc.Launcher$AppClassLoader@1d44bcfa 
Loaded from file:/C:/Program%20Files/Java/jdk1.8.0_72/db/lib/derby.jar
java.vendor=Oracle Corporation
java.runtime.version=1.8.0_72-b15
user.dir=c:\Program Files\Java\jdk1.8.0_72\db
os.name=Windows 10
os.arch=amd64
os.version=10.0
derby.system.home=E:\Dropbox\-=Project Suli=-\Birkbeck\3_2_3_Enterprise\Assignment\flight_booking3\src\main\resources
Database Class Loader started - derby.database.classpath=''
----------------------------------------------------------------
Mon Mar 28 14:00:10 BST 2016:
Shutting down instance 05550069-0153-bd39-b305-0000413f7848 on database directory E:\Dropbox\-=Project Suli=-\Birkbeck\3_2_3_Enterprise\Assignment\flight_booking3\src\main\resources\flight_booking3-test with class loader sun.misc.Launcher$AppClassLoader@1d44bcfa 
Mon Mar 28 14:00:10 BST 2016 Thread[DRDAConnThread_8,5,main] (DATABASE = flight_booking3-test), (DRDAID = {17}), Database 'flight_booking3-test' shutdown.
----------------------------------------------------------------
Mon Mar 28 14:00:14 BST 2016:
Booting Derby version The Apache Software Foundation - Apache Derby - 10.11.1.2 - (1629631): instance addac06e-0153-bd39-b305-0000413f7848 
on database directory E:\Dropbox\-=Project Suli=-\Birkbeck\3_2_3_Enterprise\Assignment\flight_booking3\src\main\resources\flight_booking3-test with class loader sun.misc.Launcher$AppClassLoader@1d44bcfa 
Loaded from file:/C:/Program%20Files/Java/jdk1.8.0_72/db/lib/derby.jar
java.vendor=Oracle Corporation
java.runtime.version=1.8.0_72-b15
user.dir=c:\Program Files\Java\jdk1.8.0_72\db
os.name=Windows 10
os.arch=amd64
os.version=10.0
derby.system.home=E:\Dropbox\-=Project Suli=-\Birkbeck\3_2_3_Enterprise\Assignment\flight_booking3\src\main\resources
Database Class Loader started - derby.database.classpath=''
----------------------------------------------------------------
Mon Mar 28 14:00:14 BST 2016:
Shutting down instance addac06e-0153-bd39-b305-0000413f7848 on database directory E:\Dropbox\-=Project Suli=-\Birkbeck\3_2_3_Enterprise\Assignment\flight_booking3\src\main\resources\flight_booking3-test with class loader sun.misc.Launcher$AppClassLoader@1d44bcfa 
Mon Mar 28 14:00:14 BST 2016 Thread[DRDAConnThread_7,5,main] (DATABASE = flight_booking3-test), (DRDAID = {19}), Database 'flight_booking3-test' shutdown.
----------------------------------------------------------------
Mon Mar 28 14:00:14 BST 2016:
Booting Derby version The Apache Software Foundation - Apache Derby - 10.11.1.2 - (1629631): instance a666c073-0153-bd39-b305-0000413f7848 
on database directory E:\Dropbox\-=Project Suli=-\Birkbeck\3_2_3_Enterprise\Assignment\flight_booking3\src\main\resources\flight_booking3-test with class loader sun.misc.Launcher$AppClassLoader@1d44bcfa 
Loaded from file:/C:/Program%20Files/Java/jdk1.8.0_72/db/lib/derby.jar
java.vendor=Oracle Corporation
java.runtime.version=1.8.0_72-b15
user.dir=c:\Program Files\Java\jdk1.8.0_72\db
os.name=Windows 10
os.arch=amd64
os.version=10.0
derby.system.home=E:\Dropbox\-=Project Suli=-\Birkbeck\3_2_3_Enterprise\Assignment\flight_booking3\src\main\resources
Database Class Loader started - derby.database.classpath=''
----------------------------------------------------------------
Mon Mar 28 14:00:15 BST 2016:
Shutting down instance a666c073-0153-bd39-b305-0000413f7848 on database directory E:\Dropbox\-=Project Suli=-\Birkbeck\3_2_3_Enterprise\Assignment\flight_booking3\src\main\resources\flight_booking3-test with class loader sun.misc.Launcher$AppClassLoader@1d44bcfa 
Mon Mar 28 14:00:15 BST 2016 Thread[DRDAConnThread_9,5,main] (DATABASE = flight_booking3-test), (DRDAID = {21}), Database 'flight_booking3-test' shutdown.
